
╔══════════════════════════════════════╗
║  🤖 Money Engine v2.0               ║
║  Automated Zero-Cost Revenue System  ║
╚══════════════════════════════════════╝


🚀 === Money Engine v2.0 - Full Pipeline ===

[Phase 1/7] 🔍 Discovering trending products...
   Using evergreen content strategy
[Phase 2/7] 💰 Scanning for live deals...
[deal-finder] ✓ Deal of the day generated
   ✓ Found 11 deals, deal-of-day generated
[Phase 3/7] ✍️ Generating content...
   ✓ Generated 334 articles (129 guides + 205 reviews)
[Phase 4/7] 🏗️ Building website...
  ✓ Comparison: macbookairm213-vs-macbookairm1refurbished.html
  ✓ Comparison: macbookairm1refurbished-vs-asusvivobook15oled.html
  ✓ Comparison: redragonk552kumara-vs-keychronk2wireless.html
  ✓ Comparison: keychronk2wireless-vs-royalkludgerk84.html
  ✓ Comparison: sonywf1000xm5-vs-samsunggalaxybudsfe.html
  ✓ Comparison: samsunggalaxybudsfe-vs-soundcorep20i.html
  ✓ Comparison: samsungodysseyg534-vs-lg27gp850bnanoips.html
  ✓ Comparison: lg27gp850bnanoips-vs-asustufvg28uql1a4k.html
  ✓ Comparison: logitechg502xplus-vs-logitechmxmaster3s.html
  ✓ Comparison: logitechmxmaster3s-vs-razerviperv2pro.html
  ✓ Comparison: sonywh1000xm5-vs-bosequietcomfortultra.html
  ✓ Comparison: bosequietcomfortultra-vs-soundcoreq30.html
  ✓ Comparison: samsung990pro1tb-vs-wdblacksn81002tbpcie5.html
  ✓ Comparison: wdblacksn81002tbpcie5-vs-crucialp3plus1tb.html
  ✓ Comparison: logitechbrio500-vs-ankerpowerconfc320.html
  ✓ Comparison: ankerpowerconfc320-vs-elgatofacecammini.html
  ✓ Comparison: jblcharge5speaker-vs-ankersoundcoremotion.html
  ✓ Comparison: bowflexselecttech552dumbbells-vs-theragunminimassagegun.html
  ✓ Comparison: ringvideodoorbellpro2-vs-wyzecamv34pack.html
  ✓ Comparison: hermanmilleraeronchair-vs-amazonbasicslaptopstand.html
  ✓ Comparison: aerogardenharvestelite-vs-fiskarsstepspadeshovel.html
  ✓ Category: laptops.html
  ✓ Product review: B0BSHF7WHW-review.html
  ✓ Product review: B0BSHF7WHW-vs.html
  ✓ Product review: B0BSHF7WHW-pros-cons.html
  ✓ Product review: B0BSHF7WHW-deal.html
  ✓ Product review: B09JQMJHXY-review.html
  ✓ Product review: B09JQMJHXY-vs.html
  ✓ Product review: B09JQMJHXY-pros-cons.html
  ✓ Product review: B09JQMJHXY-deal.html
  ✓ Product review: B0BS4C7M5V-review.html
  ✓ Product review: B0BS4C7M5V-vs.html
  ✓ Product review: B0BS4C7M5V-pros-cons.html
  ✓ Product review: B0BS4C7M5V-deal.html
  ✓ Product review: B0CCP2637D-review.html
  ✓ Product review: B0CCP2637D-vs.html
  ✓ Product review: B0CCP2637D-pros-cons.html
  ✓ Product review: B0CCP2637D-deal.html
  ✓ Product review: B0CM5JV2G8-review.html
  ✓ Product review: B0CM5JV2G8-vs.html
  ✓ Product review: B0CM5JV2G8-pros-cons.html
  ✓ Product review: B0CM5JV2G8-deal.html
  ✓ Category: laptops-top3.html
  ✓ Category: laptops-top5.html
  ✓ Product review: macbookairm213-vs-macbookairm1refurbished.html
  ✓ Product review: macbookairm1refurbished-vs-asusvivobook15oled.html
  ✓ Category: laptops-for-students.html
  ✓ Category: laptops-for-gamers.html
  ✓ Category: laptops-for-remote-workers.html
  ✓ Category: laptops-for-budget-shoppers.html
  ✓ Category: keyboards.html
  ✓ Product review: B01E8KO2B0-review.html
  ✓ Product review: B01E8KO2B0-vs.html
  ✓ Product review: B01E8KO2B0-pros-cons.html
  ✓ Product review: B01E8KO2B0-deal.html
  ✓ Product review: B09C1DG61K-review.html
  ✓ Product review: B09C1DG61K-vs.html
  ✓ Product review: B09C1DG61K-pros-cons.html
  ✓ Product review: B09C1DG61K-deal.html
  ✓ Product review: B0BHJC6X1R-review.html
  ✓ Product review: B0BHJC6X1R-vs.html
  ✓ Product review: B0BHJC6X1R-pros-cons.html
  ✓ Product review: B0BHJC6X1R-deal.html
  ✓ Product review: B0BWQF4M1P-review.html
  ✓ Product review: B0BWQF4M1P-vs.html
  ✓ Product review: B0BWQF4M1P-pros-cons.html
  ✓ Product review: B0BWQF4M1P-deal.html
  ✓ Product review: B096VPCZK1-review.html
  ✓ Product review: B096VPCZK1-vs.html
  ✓ Product review: B096VPCZK1-pros-cons.html
  ✓ Product review: B096VPCZK1-deal.html
  ✓ Category: keyboards-top3.html
  ✓ Category: keyboards-top5.html
  ✓ Product review: redragonk552kumara-vs-keychronk2wireless.html
  ✓ Product review: keychronk2wireless-vs-royalkludgerk84.html
  ✓ Category: keyboards-under-$100.html
  ✓ Category: keyboards-under-$200.html
  ✓ Category: keyboards-for-students.html
  ✓ Category: keyboards-for-gamers.html
  ✓ Category: keyboards-for-remote-workers.html
  ✓ Category: keyboards-for-budget-shoppers.html
  ✓ Category: earbuds.html
  ✓ Product review: B0D1XD1ZV3-review.html
  ✓ Product review: B0D1XD1ZV3-vs.html
  ✓ Product review: B0D1XD1ZV3-pros-cons.html
  ✓ Product review: B0D1XD1ZV3-deal.html
  ✓ Product review: B0CHXHTV6P-review.html
  ✓ Product review: B0CHXHTV6P-vs.html
  ✓ Product review: B0CHXHTV6P-pros-cons.html
  ✓ Product review: B0CHXHTV6P-deal.html
  ✓ Product review: B0D7FJ86YQ-review.html
  ✓ Product review: B0D7FJ86YQ-vs.html
  ✓ Product review: B0D7FJ86YQ-pros-cons.html
  ✓ Product review: B0D7FJ86YQ-deal.html
  ✓ Product review: B0CMDRCZ5H-review.html
  ✓ Product review: B0CMDRCZ5H-vs.html
  ✓ Product review: B0CMDRCZ5H-pros-cons.html
  ✓ Product review: B0CMDRCZ5H-deal.html
  ✓ Product review: B0D48HCS6T-review.html
  ✓ Product review: B0D48HCS6T-vs.html
  ✓ Product review: B0D48HCS6T-pros-cons.html
  ✓ Product review: B0D48HCS6T-deal.html
  ✓ Category: earbuds-top3.html
  ✓ Category: earbuds-top5.html
  ✓ Product review: sonywf1000xm5-vs-samsunggalaxybudsfe.html
  ✓ Product review: samsunggalaxybudsfe-vs-soundcorep20i.html
  ✓ Category: earbuds-under-$50.html
  ✓ Category: earbuds-under-$100.html
  ✓ Category: earbuds-under-$200.html
  ✓ Category: earbuds-for-students.html
  ✓ Category: earbuds-for-gamers.html
  ✓ Category: earbuds-for-remote-workers.html
  ✓ Category: earbuds-for-budget-shoppers.html
  ✓ Category: monitors.html
  ✓ Product review: B0BWQZ8W4S-review.html
  ✓ Product review: B0BWQZ8W4S-vs.html
  ✓ Product review: B0BWQZ8W4S-pros-cons.html
  ✓ Product review: B0BWQZ8W4S-deal.html
  ✓ Product review: B0C4YSJ4Y9-review.html
  ✓ Product review: B0C4YSJ4Y9-vs.html
  ✓ Product review: B0C4YSJ4Y9-pros-cons.html
  ✓ Product review: B0C4YSJ4Y9-deal.html
  ✓ Product review: B0C7Z4Q3P8-review.html
  ✓ Product review: B0C7Z4Q3P8-vs.html
  ✓ Product review: B0C7Z4Q3P8-pros-cons.html
  ✓ Product review: B0C7Z4Q3P8-deal.html
  ✓ Category: monitors-top3.html
  ✓ Category: monitors-top5.html
  ✓ Product review: samsungodysseyg534-vs-lg27gp850bnanoips.html
  ✓ Product review: lg27gp850bnanoips-vs-asustufvg28uql1a4k.html
  ✓ Category: monitors-for-students.html
  ✓ Category: monitors-for-gamers.html
  ✓ Category: monitors-for-remote-workers.html
  ✓ Category: monitors-for-budget-shoppers.html
  ✓ Category: mice.html
  ✓ Product review: B09DTK3628-review.html
  ✓ Product review: B09DTK3628-vs.html
  ✓ Product review: B09DTK3628-pros-cons.html
  ✓ Product review: B09DTK3628-deal.html
  ✓ Product review: B0B6GXCQXY-review.html
  ✓ Product review: B0B6GXCQXY-vs.html
  ✓ Product review: B0B6GXCQXY-pros-cons.html
  ✓ Product review: B0B6GXCQXY-deal.html
  ✓ Product review: B09THVN38M-review.html
  ✓ Product review: B09THVN38M-vs.html
  ✓ Product review: B09THVN38M-pros-cons.html
  ✓ Product review: B09THVN38M-deal.html
  ✓ Product review: B0C2Z3F9VH-review.html
  ✓ Product review: B0C2Z3F9VH-vs.html
  ✓ Product review: B0C2Z3F9VH-pros-cons.html
  ✓ Product review: B0C2Z3F9VH-deal.html
  ✓ Category: mice-top3.html
  ✓ Category: mice-top5.html
  ✓ Product review: logitechg502xplus-vs-logitechmxmaster3s.html
  ✓ Product review: logitechmxmaster3s-vs-razerviperv2pro.html
  ✓ Category: mice-under-$100.html
  ✓ Category: mice-under-$200.html
  ✓ Category: mice-for-students.html
  ✓ Category: mice-for-gamers.html
  ✓ Category: mice-for-remote-workers.html
  ✓ Category: mice-for-budget-shoppers.html
  ✓ Category: headphones.html
  ✓ Product review: B0BTXDWZ7K-review.html
  ✓ Product review: B0BTXDWZ7K-vs.html
  ✓ Product review: B0BTXDWZ7K-pros-cons.html
  ✓ Product review: B0BTXDWZ7K-deal.html
  ✓ Product review: B0BTXDPK6T-review.html
  ✓ Product review: B0BTXDPK6T-vs.html
  ✓ Product review: B0BTXDPK6T-pros-cons.html
  ✓ Product review: B0BTXDPK6T-deal.html
  ✓ Product review: B0CD2FSRDD-review.html
  ✓ Product review: B0CD2FSRDD-vs.html
  ✓ Product review: B0CD2FSRDD-pros-cons.html
  ✓ Product review: B0CD2FSRDD-deal.html
  ✓ Category: headphones-top3.html
  ✓ Category: headphones-top5.html
  ✓ Product review: sonywh1000xm5-vs-bosequietcomfortultra.html
  ✓ Product review: bosequietcomfortultra-vs-soundcoreq30.html
  ✓ Category: headphones-for-students.html
  ✓ Category: headphones-for-gamers.html
  ✓ Category: headphones-for-remote-workers.html
  ✓ Category: headphones-for-budget-shoppers.html
  ✓ Category: ssds.html
  ✓ Product review: B0BWQY47V2-review.html
  ✓ Product review: B0BWQY47V2-vs.html
  ✓ Product review: B0BWQY47V2-pros-cons.html
  ✓ Product review: B0BWQY47V2-deal.html
  ✓ Product review: B0CWJ1H93W-review.html
  ✓ Product review: B0CWJ1H93W-vs.html
  ✓ Product review: B0CWJ1H93W-pros-cons.html
  ✓ Product review: B0CWJ1H93W-deal.html
  ✓ Product review: B0BWQR3FJN-review.html
  ✓ Product review: B0BWQR3FJN-vs.html
  ✓ Product review: B0BWQR3FJN-pros-cons.html
  ✓ Product review: B0BWQR3FJN-deal.html
  ✓ Category: ssds-top3.html
  ✓ Category: ssds-top5.html
  ✓ Product review: samsung990pro1tb-vs-wdblacksn81002tbpcie5.html
  ✓ Product review: wdblacksn81002tbpcie5-vs-crucialp3plus1tb.html
  ✓ Category: ssds-under-$100.html
  ✓ Category: ssds-under-$200.html
  ✓ Category: ssds-for-students.html
  ✓ Category: ssds-for-gamers.html
  ✓ Category: ssds-for-remote-workers.html
  ✓ Category: ssds-for-budget-shoppers.html
  ✓ Category: webcams.html
  ✓ Product review: B09KXSDW1D-review.html
  ✓ Product review: B09KXSDW1D-vs.html
  ✓ Product review: B09KXSDW1D-pros-cons.html
  ✓ Product review: B09KXSDW1D-deal.html
  ✓ Product review: B0BS5G8R2D-review.html
  ✓ Product review: B0BS5G8R2D-vs.html
  ✓ Product review: B0BS5G8R2D-pros-cons.html
  ✓ Product review: B0BS5G8R2D-deal.html
  ✓ Product review: B0BNQZ1R8T-review.html
  ✓ Product review: B0BNQZ1R8T-vs.html
  ✓ Product review: B0BNQZ1R8T-pros-cons.html
  ✓ Product review: B0BNQZ1R8T-deal.html
  ✓ Category: webcams-top3.html
  ✓ Category: webcams-top5.html
  ✓ Product review: logitechbrio500-vs-ankerpowerconfc320.html
  ✓ Product review: ankerpowerconfc320-vs-elgatofacecammini.html
  ✓ Category: webcams-under-$200.html
  ✓ Category: webcams-for-students.html
  ✓ Category: webcams-for-gamers.html
  ✓ Category: webcams-for-remote-workers.html
  ✓ Category: webcams-for-budget-shoppers.html
  ✓ Category: speakers.html
  ✓ Product review: B0BSHF7AUD1-review.html
  ✓ Product review: B0BSHF7AUD1-vs.html
  ✓ Product review: B0BSHF7AUD1-pros-cons.html
  ✓ Product review: B0BSHF7AUD1-deal.html
  ✓ Product review: B0BSHF7AUD2-review.html
  ✓ Product review: B0BSHF7AUD2-vs.html
  ✓ Product review: B0BSHF7AUD2-pros-cons.html
  ✓ Product review: B0BSHF7AUD2-deal.html
  ✓ Category: speakers-top3.html
  ✓ Category: speakers-top5.html
  ✓ Product review: jblcharge5speaker-vs-ankersoundcoremotion.html
  ✓ Category: speakers-under-$200.html
  ✓ Category: speakers-for-students.html
  ✓ Category: speakers-for-gamers.html
  ✓ Category: speakers-for-remote-workers.html
  ✓ Category: speakers-for-budget-shoppers.html
  ✓ Category: fitness.html
  ✓ Product review: B0BMXKJQ1G-review.html
  ✓ Product review: B0BMXKJQ1G-vs.html
  ✓ Product review: B0BMXKJQ1G-pros-cons.html
  ✓ Product review: B0BMXKJQ1G-deal.html
  ✓ Product review: B07PFFWK6Z-review.html
  ✓ Product review: B07PFFWK6Z-vs.html
  ✓ Product review: B07PFFWK6Z-pros-cons.html
  ✓ Product review: B07PFFWK6Z-deal.html
  ✓ Category: fitness-top3.html
  ✓ Category: fitness-top5.html
  ✓ Product review: bowflexselecttech552dumbbells-vs-theragunminimassagegun.html
  ✓ Category: fitness-for-students.html
  ✓ Category: fitness-for-gamers.html
  ✓ Category: fitness-for-remote-workers.html
  ✓ Category: fitness-for-budget-shoppers.html
  ✓ Category: coffee.html
  ✓ Product review: B0BSHF7COF1-review.html
  ✓ Product review: B0BSHF7COF1-vs.html
  ✓ Product review: B0BSHF7COF1-pros-cons.html
  ✓ Product review: B0BSHF7COF1-deal.html
  ✓ Category: coffee-for-students.html
  ✓ Category: coffee-for-gamers.html
  ✓ Category: coffee-for-remote-workers.html
  ✓ Category: coffee-for-budget-shoppers.html
  ✓ Category: travel.html
  ✓ Product review: B0BSHF7TRV1-review.html
  ✓ Product review: B0BSHF7TRV1-vs.html
  ✓ Product review: B0BSHF7TRV1-pros-cons.html
  ✓ Product review: B0BSHF7TRV1-deal.html
  ✓ Category: travel-for-students.html
  ✓ Category: travel-for-gamers.html
  ✓ Category: travel-for-remote-workers.html
  ✓ Category: travel-for-budget-shoppers.html
  ✓ Category: kitchen.html
  ✓ Product review: B07L3W825Q-review.html
  ✓ Product review: B07L3W825Q-vs.html
  ✓ Product review: B07L3W825Q-pros-cons.html
  ✓ Product review: B07L3W825Q-deal.html
  ✓ Category: kitchen-for-students.html
  ✓ Category: kitchen-for-gamers.html
  ✓ Category: kitchen-for-remote-workers.html
  ✓ Category: kitchen-for-budget-shoppers.html
  ✓ Category: security.html
  ✓ Product review: B0BSHF7SEC1-review.html
  ✓ Product review: B0BSHF7SEC1-vs.html
  ✓ Product review: B0BSHF7SEC1-pros-cons.html
  ✓ Product review: B0BSHF7SEC1-deal.html
  ✓ Product review: B0BSHF7SEC2-review.html
  ✓ Product review: B0BSHF7SEC2-vs.html
  ✓ Product review: B0BSHF7SEC2-pros-cons.html
  ✓ Product review: B0BSHF7SEC2-deal.html
  ✓ Category: security-top3.html
  ✓ Category: security-top5.html
  ✓ Product review: ringvideodoorbellpro2-vs-wyzecamv34pack.html
  ✓ Category: security-under-$200.html
  ✓ Category: security-for-students.html
  ✓ Category: security-for-gamers.html
  ✓ Category: security-for-remote-workers.html
  ✓ Category: security-for-budget-shoppers.html
  ✓ Category: fitness_tracker.html
  ✓ Product review: B0BSHF7FIT1-review.html
  ✓ Product review: B0BSHF7FIT1-vs.html
  ✓ Product review: B0BSHF7FIT1-pros-cons.html
  ✓ Product review: B0BSHF7FIT1-deal.html
  ✓ Category: fitness_tracker-for-students.html
  ✓ Category: fitness_tracker-for-gamers.html
  ✓ Category: fitness_tracker-for-remote-workers.html
  ✓ Category: fitness_tracker-for-budget-shoppers.html
  ✓ Category: office.html
  ✓ Product review: B0BSHF7OFF1-review.html
  ✓ Product review: B0BSHF7OFF1-vs.html
  ✓ Product review: B0BSHF7OFF1-pros-cons.html
  ✓ Product review: B0BSHF7OFF1-deal.html
  ✓ Product review: B0BSHF7OFF2-review.html
  ✓ Product review: B0BSHF7OFF2-vs.html
  ✓ Product review: B0BSHF7OFF2-pros-cons.html
  ✓ Product review: B0BSHF7OFF2-deal.html
  ✓ Category: office-top3.html
  ✓ Category: office-top5.html
  ✓ Product review: hermanmilleraeronchair-vs-amazonbasicslaptopstand.html
  ✓ Category: office-for-students.html
  ✓ Category: office-for-gamers.html
  ✓ Category: office-for-remote-workers.html
  ✓ Category: office-for-budget-shoppers.html
  ✓ Category: cameras.html
  ✓ Product review: B0B1LVT8JQ-review.html
  ✓ Product review: B0B1LVT8JQ-vs.html
  ✓ Product review: B0B1LVT8JQ-pros-cons.html
  ✓ Product review: B0B1LVT8JQ-deal.html
  ✓ Category: cameras-for-students.html
  ✓ Category: cameras-for-gamers.html
  ✓ Category: cameras-for-remote-workers.html
  ✓ Category: cameras-for-budget-shoppers.html
  ✓ Category: gardening.html
  ✓ Product review: B0BSHF7GAR1-review.html
  ✓ Product review: B0BSHF7GAR1-vs.html
  ✓ Product review: B0BSHF7GAR1-pros-cons.html
  ✓ Product review: B0BSHF7GAR1-deal.html
  ✓ Product review: B0BSHF7GAR2-review.html
  ✓ Product review: B0BSHF7GAR2-vs.html
  ✓ Product review: B0BSHF7GAR2-pros-cons.html
  ✓ Product review: B0BSHF7GAR2-deal.html
  ✓ Category: gardening-top3.html
  ✓ Category: gardening-top5.html
  ✓ Product review: aerogardenharvestelite-vs-fiskarsstepspadeshovel.html
  ✓ Category: gardening-under-$200.html
  ✓ Category: gardening-for-students.html
  ✓ Category: gardening-for-gamers.html
  ✓ Category: gardening-for-remote-workers.html
  ✓ Category: gardening-for-budget-shoppers.html
  ✓ Homepage built
  ✓ Reviews index built
  ✓ sitemap.xml generated
  ✓ robots.txt created
   ✓ Static site at /Users/kevin/Documents/liuliangrukou/money-engine/output
[Phase 5/7] 📤 Distribution...
[distribution] ✓ Exported 205 articles for Medium
[distribution] ✓ Newsletter generated
[distribution] ✓ Generated 10 Twitter threads
[distribution] ✓ Generated 205 Reddit posts
[distribution] ✓ RSS feed generated (ready for Apple Podcasts, Spotify, etc.)
[Phase 6/7] 🐦 Auto-posting to social media...
[twitter] Results: 0 posted | 0 queued | 5 failed
[Phase 7/7] 💾 Saving trends...

✅ Pipeline complete! Run #1

Revenue streams active:
   💰 Amazon Affiliate → 205 product pages with affiliate links
   🔍 SEO Pages → 129 guides + 205 reviews for Google
   📧 Newsletter → ready to send via email platform
   🐦 Twitter/X → 0 auto-posted, 0 queued
   🤖 Reddit → 205 discussion posts ready
   🎙️ RSS Feed → ready for Apple Podcasts/Spotify submission

🚀 Starting automated services...

⏰ Scheduled: Next full pipeline in 60 minutes


🌐 API Server running at http://localhost:3456
   GET  /api/stats       - View engine stats
   POST /api/run         - Trigger full pipeline
   GET  /api/articles    - List all articles
   GET  /api/generate/:key - Generate single article
