[07:41:48] [INFO] === Starting Publish Pipeline ===
[07:41:48] [INFO] Loaded 20 Reddit posts, 20 Twitter threads, 205 Medium articles

[07:41:48] [INFO] Processing Reddit post: Acer Aspire 3 A315 best price deal — Detailed revi...
[07:41:48] [WARN] PRAW not installed. Use pip install praw to enable Reddit publishing.
[07:41:48] [INFO] DRY RUN: Would post 'Acer Aspire 3 A315 best price deal — Detailed review & buying guide' to r/BudgetAesthetics
[07:41:48] [INFO] Saved for manual posting: /Users/kevin/Documents/liuliangrukou/money-engine/output/manual-posts/reddit/2026-06-21_074148-reddit.txt
[07:41:48] [INFO] Processing Reddit post: ASUS VivoBook 15 OLED best price deal — Detailed r...
[07:41:48] [WARN] PRAW not installed. Use pip install praw to enable Reddit publishing.
[07:41:48] [INFO] DRY RUN: Would post 'ASUS VivoBook 15 OLED best price deal — Detailed review & buying guide' to r/BudgetAesthetics
[07:41:48] [INFO] Saved for manual posting: /Users/kevin/Documents/liuliangrukou/money-engine/output/manual-posts/reddit/2026-06-21_074148-reddit.txt
[07:41:48] [INFO] Processing Reddit post: Lenovo IdeaPad Slim 5 review 2026 — Detailed revie...
[07:41:48] [WARN] PRAW not installed. Use pip install praw to enable Reddit publishing.
[07:41:48] [INFO] DRY RUN: Would post 'Lenovo IdeaPad Slim 5 review 2026 — Detailed review & buying guide' to r/BudgetAesthetics
[07:41:48] [INFO] Saved for manual posting: /Users/kevin/Documents/liuliangrukou/money-engine/output/manual-posts/reddit/2026-06-21_074148-reddit.txt
[07:41:48] [INFO] Processing Twitter thread: B0CM5JV2G8-deal-deal-thread.txt...
[07:41:48] [INFO] Saved for manual posting: /Users/kevin/Documents/liuliangrukou/money-engine/output/manual-posts/twitter/2026-06-21_074148-twitter.txt
[07:41:48] [INFO] DRY RUN: Would post tweet to Twitter:
• [Key feature 1]
• [Key feature 2]
• [Key feature 3]

Normally sells for $XXX+ ...
[07:41:48] [INFO] Processing Twitter thread: B0BSHF7WHW-review-thread.txt...
[07:41:48] [INFO] Saved for manual posting: /Users/kevin/Documents/liuliangrukou/money-engine/output/manual-posts/twitter/2026-06-21_074148-twitter.txt
[07:41:48] [INFO] DRY RUN: Would post tweet to Twitter:
Rating: N/A/5

Let's break it down:

TWEET 3 (PROS):
✅ PROS:
• Incredible perfor...
[07:41:48] [INFO] Processing Twitter thread: B09JQMJHXY-review-thread.txt...
[07:41:48] [INFO] Saved for manual posting: /Users/kevin/Documents/liuliangrukou/money-engine/output/manual-posts/twitter/2026-06-21_074148-twitter.txt
[07:41:48] [INFO] DRY RUN: Would post tweet to Twitter:
Rating: N/A/5

Let's break it down:

TWEET 3 (PROS):
✅ PROS:
• Still lightning f...
[07:41:48] [INFO] Processing Medium article: Keychron K2 Wireless pros cons analysis ...
[07:41:48] [WARN] No MEDIUM_SESSION_ID set. Save for manual publishing.
[07:41:48] [INFO] Saved for manual posting: /Users/kevin/Documents/liuliangrukou/money-engine/output/manual-posts/medium/2026-06-21_074148-medium.txt
[07:41:48] [INFO] Processing Medium article: Redragon K552 Kumara best price deal — S...
[07:41:48] [WARN] No MEDIUM_SESSION_ID set. Save for manual publishing.
[07:41:48] [INFO] Saved for manual posting: /Users/kevin/Documents/liuliangrukou/money-engine/output/manual-posts/medium/2026-06-21_074148-medium.txt
[07:41:48] [INFO] Processing Medium article: Soundcore P20i pros cons analysis — Smar...
[07:41:48] [WARN] No MEDIUM_SESSION_ID set. Save for manual publishing.
[07:41:48] [INFO] Saved for manual posting: /Users/kevin/Documents/liuliangrukou/money-engine/output/manual-posts/medium/2026-06-21_074148-medium.txt
[07:41:48] [INFO] Processing Medium article: Sony WF-1000XM5 review 2026 — Smart Buyi...
[07:41:48] [WARN] No MEDIUM_SESSION_ID set. Save for manual publishing.
[07:41:48] [INFO] Saved for manual posting: /Users/kevin/Documents/liuliangrukou/money-engine/output/manual-posts/medium/2026-06-21_074148-medium.txt
[07:41:48] [INFO] Processing Medium article: Fiskars Step Spade Shovel vs alternative...
[07:41:48] [WARN] No MEDIUM_SESSION_ID set. Save for manual publishing.
[07:41:48] [INFO] Saved for manual posting: /Users/kevin/Documents/liuliangrukou/money-engine/output/manual-posts/medium/2026-06-21_074148-medium.txt
[07:41:48] [INFO] 
Submitting to search engines...

[07:41:48] [INFO] Google Search Console:
[07:41:48] [INFO]   Site URL: https://mree9527.github.io/liuliangrukou
[07:41:48] [INFO]   Sitemap: https://mree9527.github.io/liuliangrukou/sitemap.xml
[07:41:48] [INFO]   Instructions:
[07:41:48] [INFO]   1. Go to search.google.com/search-console
[07:41:48] [INFO]   2. Add property: https://mree9527.github.io/liuliangrukou
[07:41:48] [INFO]   3. Verify using HTML tag (in index.html)
[07:41:48] [INFO]   4. Submit sitemap: /sitemap.xml

[07:41:48] [INFO] Bing Webmaster:
[07:41:48] [INFO]   Site URL: https://mree9527.github.io/liuliangrukou
[07:41:48] [INFO]   Sitemap: https://mree9527.github.io/liuliangrukou/sitemap.xml
[07:41:48] [INFO]   Instructions:
[07:41:48] [INFO]   1. Go to bing.com/webmasters
[07:41:48] [INFO]   2. Add site: https://mree9527.github.io/liuliangrukou
[07:41:48] [INFO]   3. Verify file download or HTML tag
[07:41:48] [INFO]   4. Submit sitemap: /sitemap.xml

[07:41:48] [INFO] 
=== Pipeline Complete ===
[07:41:48] [INFO] Results: {
  "reddit": {
    "posted": 3,
    "failed": 0
  },
  "twitter": {
    "posted": 3,
    "failed": 0
  },
  "medium": {
    "published": 0,
    "failed": 5
  },
  "seo": {
    "google": true,
    "bing": true
  }
}
[07:41:48] [INFO] 
Next run command: python3 publish.py --live

[07:42:05] [INFO] === Starting Publish Pipeline ===
[07:42:05] [INFO] Loaded 20 Reddit posts, 20 Twitter threads, 205 Medium articles

[07:42:05] [INFO] Processing Reddit post: Acer Aspire 3 A315 best price deal — Detailed revi...
[07:42:05] [WARN] PRAW not installed. Use pip install praw to enable Reddit publishing.
[07:42:05] [INFO] DRY RUN: Would post 'Acer Aspire 3 A315 best price deal — Detailed review & buying guide' to r/BudgetAesthetics
[07:42:05] [INFO] Saved for manual posting: /Users/kevin/Documents/liuliangrukou/money-engine/output/manual-posts/reddit/2026-06-21_074205-reddit.txt
[07:42:05] [INFO] Processing Reddit post: ASUS VivoBook 15 OLED best price deal — Detailed r...
[07:42:05] [WARN] PRAW not installed. Use pip install praw to enable Reddit publishing.
[07:42:05] [INFO] DRY RUN: Would post 'ASUS VivoBook 15 OLED best price deal — Detailed review & buying guide' to r/BudgetAesthetics
[07:42:05] [INFO] Saved for manual posting: /Users/kevin/Documents/liuliangrukou/money-engine/output/manual-posts/reddit/2026-06-21_074205-reddit.txt
[07:42:05] [INFO] Processing Reddit post: Lenovo IdeaPad Slim 5 review 2026 — Detailed revie...
[07:42:05] [WARN] PRAW not installed. Use pip install praw to enable Reddit publishing.
[07:42:05] [INFO] DRY RUN: Would post 'Lenovo IdeaPad Slim 5 review 2026 — Detailed review & buying guide' to r/BudgetAesthetics
[07:42:05] [INFO] Saved for manual posting: /Users/kevin/Documents/liuliangrukou/money-engine/output/manual-posts/reddit/2026-06-21_074205-reddit.txt
[07:42:05] [INFO] Processing Twitter thread: B0CM5JV2G8-deal-deal-thread.txt...
[07:42:05] [INFO] Saved for manual posting: /Users/kevin/Documents/liuliangrukou/money-engine/output/manual-posts/twitter/2026-06-21_074205-twitter.txt
[07:42:05] [INFO] DRY RUN: Would post tweet to Twitter:
• [Key feature 1]
• [Key feature 2]
• [Key feature 3]

Normally sells for $XXX+ ...
[07:42:05] [INFO] Processing Twitter thread: B0BSHF7WHW-review-thread.txt...
[07:42:05] [INFO] Saved for manual posting: /Users/kevin/Documents/liuliangrukou/money-engine/output/manual-posts/twitter/2026-06-21_074205-twitter.txt
[07:42:05] [INFO] DRY RUN: Would post tweet to Twitter:
Rating: N/A/5

Let's break it down:

TWEET 3 (PROS):
✅ PROS:
• Incredible perfor...
[07:42:05] [INFO] Processing Twitter thread: B09JQMJHXY-review-thread.txt...
[07:42:05] [INFO] Saved for manual posting: /Users/kevin/Documents/liuliangrukou/money-engine/output/manual-posts/twitter/2026-06-21_074205-twitter.txt
[07:42:05] [INFO] DRY RUN: Would post tweet to Twitter:
Rating: N/A/5

Let's break it down:

TWEET 3 (PROS):
✅ PROS:
• Still lightning f...
[07:42:05] [INFO] Processing Medium article: Keychron K2 Wireless pros cons analysis ...
[07:42:05] [WARN] No MEDIUM_SESSION_ID set. Save for manual publishing.
[07:42:05] [INFO] Saved for manual posting: /Users/kevin/Documents/liuliangrukou/money-engine/output/manual-posts/medium/2026-06-21_074205-medium.txt
[07:42:05] [INFO] Processing Medium article: Redragon K552 Kumara best price deal — S...
[07:42:05] [WARN] No MEDIUM_SESSION_ID set. Save for manual publishing.
[07:42:05] [INFO] Saved for manual posting: /Users/kevin/Documents/liuliangrukou/money-engine/output/manual-posts/medium/2026-06-21_074205-medium.txt
[07:42:05] [INFO] Processing Medium article: Soundcore P20i pros cons analysis — Smar...
[07:42:05] [WARN] No MEDIUM_SESSION_ID set. Save for manual publishing.
[07:42:05] [INFO] Saved for manual posting: /Users/kevin/Documents/liuliangrukou/money-engine/output/manual-posts/medium/2026-06-21_074205-medium.txt
[07:42:05] [INFO] Processing Medium article: Sony WF-1000XM5 review 2026 — Smart Buyi...
[07:42:05] [WARN] No MEDIUM_SESSION_ID set. Save for manual publishing.
[07:42:05] [INFO] Saved for manual posting: /Users/kevin/Documents/liuliangrukou/money-engine/output/manual-posts/medium/2026-06-21_074205-medium.txt
[07:42:05] [INFO] Processing Medium article: Fiskars Step Spade Shovel vs alternative...
[07:42:05] [WARN] No MEDIUM_SESSION_ID set. Save for manual publishing.
[07:42:05] [INFO] Saved for manual posting: /Users/kevin/Documents/liuliangrukou/money-engine/output/manual-posts/medium/2026-06-21_074205-medium.txt
[07:42:05] [INFO] 
Submitting to search engines...

[07:42:05] [INFO] Google Search Console:
[07:42:05] [INFO]   Site URL: https://mree9527.github.io/liuliangrukou
[07:42:05] [INFO]   Sitemap: https://mree9527.github.io/liuliangrukou/sitemap.xml
[07:42:05] [INFO]   Instructions:
[07:42:05] [INFO]   1. Go to search.google.com/search-console
[07:42:05] [INFO]   2. Add property: https://mree9527.github.io/liuliangrukou
[07:42:05] [INFO]   3. Verify using HTML tag (in index.html)
[07:42:05] [INFO]   4. Submit sitemap: /sitemap.xml

[07:42:05] [INFO] Bing Webmaster:
[07:42:05] [INFO]   Site URL: https://mree9527.github.io/liuliangrukou
[07:42:05] [INFO]   Sitemap: https://mree9527.github.io/liuliangrukou/sitemap.xml
[07:42:05] [INFO]   Instructions:
[07:42:05] [INFO]   1. Go to bing.com/webmasters
[07:42:05] [INFO]   2. Add site: https://mree9527.github.io/liuliangrukou
[07:42:05] [INFO]   3. Verify file download or HTML tag
[07:42:05] [INFO]   4. Submit sitemap: /sitemap.xml

[07:42:05] [INFO] 
=== Pipeline Complete ===
[07:42:05] [INFO] Results: {
  "reddit": {
    "posted": 3,
    "failed": 0
  },
  "twitter": {
    "posted": 3,
    "failed": 0
  },
  "medium": {
    "published": 0,
    "failed": 5
  },
  "seo": {
    "google": true,
    "bing": true
  }
}
[07:42:05] [INFO] 
Next run command: python3 publish.py --live

